#
# A fatal error has been detected by the Java Runtime Environment:
#
#  EXCEPTION_ACCESS_VIOLATION (0xc0000005) at pc=0x000007fefd921229, pid=4924, tid=3560
#
# JRE version: Java(TM) SE Runtime Environment (8.0_25-b18) (build 1.8.0_25-b18)
# Java VM: Java HotSpot(TM) 64-Bit Server VM (25.25-b02 mixed mode windows-amd64 compressed oops)
# Problematic frame:
# C  [msvcrt.dll+0x1229]
#
# Failed to write core dump. Minidumps are not enabled by default on client versions of Windows
#
# If you would like to submit a bug report, please visit:
#   http://bugreport.sun.com/bugreport/crash.jsp
# The crash happened outside the Java Virtual Machine in native code.
# See problematic frame for where to report the bug.
#

---------------  T H R E A D  ---------------

Current thread (0x00000000550e5000):  JavaThread "LWJGL Application" [_thread_in_native, id=3560, stack(0x0000000056740000,0x0000000056840000)]

siginfo: ExceptionCode=0xc0000005, writing address 0x0000000000284000

Registers:
RAX=0x3f800000feffffff, RBX=0x00000000550e51e8, RCX=0x0000000000284010, RDX=0x00000000f5cdf8d0
RSP=0x000000005683e888, RBP=0x0000000000283fd0, RSI=0x000000005683e920, RDI=0x00000000f5f638a0
R8 =0x0000000000000050, R9 =0x0000000000000000, R10=0x4448000000000000, R11=0x0000000000283fd0
R12=0x0000000000000000, R13=0x0000000000000014, R14=0x000000005683e950, R15=0x00000000550e5000
RIP=0x000007fefd921229, EFLAGS=0x0000000000010246

Top of Stack: (sp=0x000000005683e888)
0x000000005683e888:   0000000065583a34 00000000550e51e8
0x000000005683e898:   0000000000283fd0 000000005683e920
0x000000005683e8a8:   000000005683eca8 0000000053528248
0x000000005683e8b8:   0000000000000014 00000000f5f5c1e8
0x000000005683e8c8:   0000000000000000 000000005683e960
0x000000005683e8d8:   0000000000000000 00000000535db4b0
0x000000005683e8e8:   0000000002a326ee 00000000f5f5c048
0x000000005683e8f8:   0000000000004000 011c00000025027f
0x000000005683e908:   0000000002aa1c13 0000000000000014
0x000000005683e918:   0000000000000000 00000000f5f63890
0x000000005683e928:   00000000f5f5c1e8 8800000000000000
0x000000005683e938:   0000000002a297cf 8000000000000000
0x000000005683e948:   0000000000004000 00000000f5f8bcf0
0x000000005683e958:   000000000000c003 00000000f5f62078
0x000000005683e968:   0000000002a2432c ec00000000000000
0x000000005683e978:   000000000000c002 8000000000000000 

Instructions: (pc=0x000007fefd921229)
0x000007fefd921209:   04 0a 4c 8b 54 0a 08 48 83 c1 20 48 89 41 e0 4c
0x000007fefd921219:   89 51 e8 48 8b 44 0a f0 4c 8b 54 0a f8 49 ff c9
0x000007fefd921229:   48 89 41 f0 4c 89 51 f8 75 d4 49 83 e0 1f eb 9b
0x000007fefd921239:   88 11 48 ff c1 49 ff c8 75 f6 e9 54 fe ff ff 48 


Register to memory mapping:

RAX=0x3f800000feffffff is an unknown value
RBX=0x00000000550e51e8 is an unknown value
RCX=0x0000000000284010 is an unknown value
RDX=0x00000000f5cdf8d0 is an unknown value
RSP=0x000000005683e888 is pointing into the stack for thread: 0x00000000550e5000
RBP=0x0000000000283fd0 is an unknown value
RSI=0x000000005683e920 is pointing into the stack for thread: 0x00000000550e5000
RDI=0x00000000f5f638a0 is an unknown value
R8 =0x0000000000000050 is an unknown value
R9 =0x0000000000000000 is an unknown value
R10=0x4448000000000000 is an unknown value
R11=0x0000000000283fd0 is an unknown value
R12=0x0000000000000000 is an unknown value
R13=0x0000000000000014 is an unknown value
R14=0x000000005683e950 is pointing into the stack for thread: 0x00000000550e5000
R15=0x00000000550e5000 is a thread


Stack: [0x0000000056740000,0x0000000056840000],  sp=0x000000005683e888,  free space=1018k
Native frames: (J=compiled Java code, j=interpreted, Vv=VM code, C=native code)
C  [msvcrt.dll+0x1229]
C  [gdx64.dll+0x3a34]
C  0x0000000002a326ee

Java frames: (J=compiled Java code, j=interpreted, Vv=VM code)
J 797  com.badlogic.gdx.utils.BufferUtils.copyJni([FLjava/nio/Buffer;II)V (0 bytes) @ 0x0000000002a32670 [0x0000000002a32600+0x70]
J 769 C1 com.badlogic.gdx.utils.BufferUtils.copy([FLjava/nio/Buffer;II)V (45 bytes) @ 0x0000000002a2432c [0x0000000002a242c0+0x6c]
J 770 C1 com.badlogic.gdx.graphics.g2d.SpriteBatch.flush()V (185 bytes) @ 0x0000000002a2541c [0x0000000002a24e60+0x5bc]
J 847 C2 com.badlogic.gdx.graphics.g2d.SpriteBatch.draw(Lcom/badlogic/gdx/graphics/Texture;[FII)V (165 bytes) @ 0x0000000002a4fcec [0x0000000002a4fbc0+0x12c]
J 795 C1 com.badlogic.gdx.graphics.g2d.BitmapFontCache.draw(Lcom/badlogic/gdx/graphics/g2d/Batch;)V (68 bytes) @ 0x0000000002a33cb4 [0x0000000002a33aa0+0x214]
J 731 C1 com.badlogic.gdx.graphics.g2d.BitmapFont.draw(Lcom/badlogic/gdx/graphics/g2d/Batch;Ljava/lang/CharSequence;FF)Lcom/badlogic/gdx/graphics/g2d/BitmapFont$TextBounds; (38 bytes) @ 0x0000000002a07e9c [0x0000000002a07ca0+0x1fc]
j  collony.gamestate.mainMenu.MenuState.render()V+72
j  collony.gamestate.GameStateManager.render()V+4
j  collony.main.Game.render()V+42
j  com.badlogic.gdx.backends.lwjgl.LwjglApplication.mainLoop()V+684
j  com.badlogic.gdx.backends.lwjgl.LwjglApplication$1.run()V+27
v  ~StubRoutines::call_stub

---------------  P R O C E S S  ---------------

Java Threads: ( => current thread )
  0x0000000056b52000 JavaThread "LWJGL Timer" daemon [_thread_blocked, id=4248, stack(0x000000005db20000,0x000000005dc20000)]
  0x00000000021de000 JavaThread "DestroyJavaVM" [_thread_blocked, id=6044, stack(0x0000000002300000,0x0000000002400000)]
=>0x00000000550e5000 JavaThread "LWJGL Application" [_thread_in_native, id=3560, stack(0x0000000056740000,0x0000000056840000)]
  0x0000000054eb0800 JavaThread "Service Thread" daemon [_thread_blocked, id=1448, stack(0x0000000055360000,0x0000000055460000)]
  0x00000000538f4000 JavaThread "C1 CompilerThread1" daemon [_thread_blocked, id=204, stack(0x0000000054d80000,0x0000000054e80000)]
  0x00000000538dc000 JavaThread "C2 CompilerThread0" daemon [_thread_blocked, id=5400, stack(0x0000000054bb0000,0x0000000054cb0000)]
  0x00000000538d6800 JavaThread "Attach Listener" daemon [_thread_blocked, id=4292, stack(0x00000000546d0000,0x00000000547d0000)]
  0x00000000538d5800 JavaThread "Signal Dispatcher" daemon [_thread_blocked, id=6124, stack(0x00000000549a0000,0x0000000054aa0000)]
  0x0000000053877000 JavaThread "Finalizer" daemon [_thread_blocked, id=2308, stack(0x0000000054830000,0x0000000054930000)]
  0x0000000053870000 JavaThread "Reference Handler" daemon [_thread_blocked, id=4220, stack(0x00000000545c0000,0x00000000546c0000)]

Other Threads:
  0x000000005386a800 VMThread [stack: 0x0000000054390000,0x0000000054490000] [id=5996]
  0x000000005393b800 WatcherThread [stack: 0x00000000555b0000,0x00000000556b0000] [id=3920]

VM state:not at safepoint (normal execution)

VM Mutex/Monitor currently owned by a thread: None

Heap:
 PSYoungGen      total 9728K, used 2312K [0x00000000f5580000, 0x00000000f6000000, 0x0000000100000000)
  eden space 8704K, 14% used [0x00000000f5580000,0x00000000f56c3070,0x00000000f5e00000)
  from space 1024K, 99% used [0x00000000f5f00000,0x00000000f5fff130,0x00000000f6000000)
  to   space 1024K, 0% used [0x00000000f5e00000,0x00000000f5e00000,0x00000000f5f00000)
 ParOldGen       total 22016K, used 3763K [0x00000000e0000000, 0x00000000e1580000, 0x00000000f5580000)
  object space 22016K, 17% used [0x00000000e0000000,0x00000000e03acc90,0x00000000e1580000)
 Metaspace       used 7599K, capacity 7715K, committed 7936K, reserved 1056768K
  class space    used 710K, capacity 752K, committed 768K, reserved 1048576K

Card table byte_map: [0x00000000021e0000,0x00000000022f0000] byte_map_base: 0x0000000001ae0000

Marking Bits: (ParMarkBitMap*) 0x00000000695cd490
 Begin Bits: [0x0000000011f40000, 0x0000000012740000)
 End Bits:   [0x0000000012740000, 0x0000000012f40000)

Polling page: 0x0000000000130000

CodeCache: size=245760Kb used=4001Kb max_used=4012Kb free=241758Kb
 bounds [0x00000000026d0000, 0x0000000002ac0000, 0x00000000116d0000]
 total_blobs=1441 nmethods=988 adapters=368
 compilation: enabled

Compilation events (10 events):
Event: 13.599 Thread 0x00000000538f4000  985       3       org.lwjgl.opengl.WindowsDisplay$Rect::copyFromBuffer (37 bytes)
Event: 13.600 Thread 0x00000000538f4000 nmethod 985 0x0000000002ab95d0 code [0x0000000002ab9760, 0x0000000002ab9bf8]
Event: 14.038 Thread 0x00000000538dc000  986       4       com.badlogic.gdx.maps.tiled.tiles.StaticTiledMapTile::getProperties (23 bytes)
Event: 14.038 Thread 0x00000000538dc000 nmethod 986 0x0000000002a50710 code [0x0000000002a50840, 0x0000000002a508b8]
Event: 14.105 Thread 0x00000000538dc000  987       4       com.badlogic.gdx.maps.MapLayers::get (51 bytes)
Event: 14.110 Thread 0x00000000538dc000 nmethod 987 0x0000000002abae50 code [0x0000000002abafa0, 0x0000000002abb2f8]
Event: 14.305 Thread 0x00000000538dc000  988       4       java.util.HashMap::getNode (148 bytes)
Event: 14.308 Thread 0x00000000538dc000 nmethod 988 0x0000000002aba910 code [0x0000000002abaa60, 0x0000000002abac78]
Event: 14.371 Thread 0x00000000538f4000  989       1       java.nio.HeapByteBuffer::ix (7 bytes)
Event: 14.371 Thread 0x00000000538f4000 nmethod 989 0x0000000002aba650 code [0x0000000002aba7a0, 0x0000000002aba8b0]

GC Heap History (4 events):
Event: 0.951 GC heap before
{Heap before GC invocations=1 (full 0):
 PSYoungGen      total 9728K, used 8279K [0x00000000f5580000, 0x00000000f6000000, 0x0000000100000000)
  eden space 8704K, 95% used [0x00000000f5580000,0x00000000f5d95c10,0x00000000f5e00000)
  from space 1024K, 0% used [0x00000000f5f00000,0x00000000f5f00000,0x00000000f6000000)
  to   space 1024K, 0% used [0x00000000f5e00000,0x00000000f5e00000,0x00000000f5f00000)
 ParOldGen       total 22016K, used 0K [0x00000000e0000000, 0x00000000e1580000, 0x00000000f5580000)
  object space 22016K, 0% used [0x00000000e0000000,0x00000000e0000000,0x00000000e1580000)
 Metaspace       used 5947K, capacity 6371K, committed 6528K, reserved 1056768K
  class space    used 581K, capacity 624K, committed 640K, reserved 1048576K
Event: 0.957 GC heap after
Heap after GC invocations=1 (full 0):
 PSYoungGen      total 9728K, used 992K [0x00000000f5580000, 0x00000000f6000000, 0x0000000100000000)
  eden space 8704K, 0% used [0x00000000f5580000,0x00000000f5580000,0x00000000f5e00000)
  from space 1024K, 96% used [0x00000000f5e00000,0x00000000f5ef8020,0x00000000f5f00000)
  to   space 1024K, 0% used [0x00000000f5f00000,0x00000000f5f00000,0x00000000f6000000)
 ParOldGen       total 22016K, used 1312K [0x00000000e0000000, 0x00000000e1580000, 0x00000000f5580000)
  object space 22016K, 5% used [0x00000000e0000000,0x00000000e0148298,0x00000000e1580000)
 Metaspace       used 5947K, capacity 6371K, committed 6528K, reserved 1056768K
  class space    used 581K, capacity 624K, committed 640K, reserved 1048576K
}
Event: 1.691 GC heap before
{Heap before GC invocations=2 (full 0):
 PSYoungGen      total 9728K, used 9315K [0x00000000f5580000, 0x00000000f6000000, 0x0000000100000000)
  eden space 8704K, 95% used [0x00000000f5580000,0x00000000f5da0eb8,0x00000000f5e00000)
  from space 1024K, 96% used [0x00000000f5e00000,0x00000000f5ef8020,0x00000000f5f00000)
  to   space 1024K, 0% used [0x00000000f5f00000,0x00000000f5f00000,0x00000000f6000000)
 ParOldGen       total 22016K, used 1312K [0x00000000e0000000, 0x00000000e1580000, 0x00000000f5580000)
  object space 22016K, 5% used [0x00000000e0000000,0x00000000e0148298,0x00000000e1580000)
 Metaspace       used 7355K, capacity 7523K, committed 7680K, reserved 1056768K
  class space    used 702K, capacity 752K, committed 768K, reserved 1048576K
Event: 1.697 GC heap after
Heap after GC invocations=2 (full 0):
 PSYoungGen      total 9728K, used 1020K [0x00000000f5580000, 0x00000000f6000000, 0x0000000100000000)
  eden space 8704K, 0% used [0x00000000f5580000,0x00000000f5580000,0x00000000f5e00000)
  from space 1024K, 99% used [0x00000000f5f00000,0x00000000f5fff130,0x00000000f6000000)
  to   space 1024K, 0% used [0x00000000f5e00000,0x00000000f5e00000,0x00000000f5f00000)
 ParOldGen       total 22016K, used 3763K [0x00000000e0000000, 0x00000000e1580000, 0x00000000f5580000)
  object space 22016K, 17% used [0x00000000e0000000,0x00000000e03acc90,0x00000000e1580000)
 Metaspace       used 7355K, capacity 7523K, committed 7680K, reserved 1056768K
  class space    used 702K, capacity 752K, committed 768K, reserved 1048576K
}

Deoptimization events (0 events):
No events

Internal exceptions (10 events):
Event: 1.473 Thread 0x00000000550e5000 Exception <a 'java/security/PrivilegedActionException'> (0x00000000f5b231f0) thrown at [D:\re\workspace\8-2-build-windows-amd64-cygwin\jdk8u25\1677\hotspot\src\share\vm\prims\jvm.cpp, line 1312]
Event: 1.704 Thread 0x00000000550e5000 Exception <a 'java/security/PrivilegedActionException'> (0x00000000f566f428) thrown at [D:\re\workspace\8-2-build-windows-amd64-cygwin\jdk8u25\1677\hotspot\src\share\vm\prims\jvm.cpp, line 1312]
Event: 1.707 Thread 0x00000000550e5000 Exception <a 'java/security/PrivilegedActionException'> (0x00000000f5672960) thrown at [D:\re\workspace\8-2-build-windows-amd64-cygwin\jdk8u25\1677\hotspot\src\share\vm\prims\jvm.cpp, line 1312]
Event: 1.708 Thread 0x00000000550e5000 Exception <a 'java/security/PrivilegedActionException'> (0x00000000f5676510) thrown at [D:\re\workspace\8-2-build-windows-amd64-cygwin\jdk8u25\1677\hotspot\src\share\vm\prims\jvm.cpp, line 1312]
Event: 1.709 Thread 0x00000000550e5000 Exception <a 'java/security/PrivilegedActionException'> (0x00000000f5679dc8) thrown at [D:\re\workspace\8-2-build-windows-amd64-cygwin\jdk8u25\1677\hotspot\src\share\vm\prims\jvm.cpp, line 1312]
Event: 3.546 Thread 0x00000000550e5000 Exception <a 'java/security/PrivilegedActionException'> (0x00000000f567dfe0) thrown at [D:\re\workspace\8-2-build-windows-amd64-cygwin\jdk8u25\1677\hotspot\src\share\vm\prims\jvm.cpp, line 1312]
Event: 3.549 Thread 0x00000000550e5000 Exception <a 'java/security/PrivilegedActionException'> (0x00000000f5687c18) thrown at [D:\re\workspace\8-2-build-windows-amd64-cygwin\jdk8u25\1677\hotspot\src\share\vm\prims\jvm.cpp, line 1312]
Event: 5.216 Thread 0x00000000550e5000 Exception <a 'java/security/PrivilegedActionException'> (0x00000000f568e668) thrown at [D:\re\workspace\8-2-build-windows-amd64-cygwin\jdk8u25\1677\hotspot\src\share\vm\prims\jvm.cpp, line 1312]
Event: 5.218 Thread 0x00000000550e5000 Exception <a 'java/security/PrivilegedActionException'> (0x00000000f56a3148) thrown at [D:\re\workspace\8-2-build-windows-amd64-cygwin\jdk8u25\1677\hotspot\src\share\vm\prims\jvm.cpp, line 1312]
Event: 14.271 Thread 0x00000000550e5000 Exception <a 'java/security/PrivilegedActionException'> (0x00000000f56ab2a0) thrown at [D:\re\workspace\8-2-build-windows-amd64-cygwin\jdk8u25\1677\hotspot\src\share\vm\prims\jvm.cpp, line 1312]

Events (10 events):
Event: 4.234 Executing VM operation: EnableBiasedLocking
Event: 4.234 Executing VM operation: EnableBiasedLocking done
Event: 5.216 loading class com/badlogic/gdx/maps/tiled/tiles/AnimatedTiledMapTile
Event: 5.216 loading class com/badlogic/gdx/maps/tiled/tiles/AnimatedTiledMapTile done
Event: 5.218 loading class com/badlogic/gdx/utils/TimeUtils
Event: 5.218 loading class com/badlogic/gdx/utils/TimeUtils done
Event: 9.784 Thread 0x00000000550e5000 DEOPT PACKING pc=0x0000000002a83867 sp=0x000000005683eb70
Event: 9.784 Thread 0x00000000550e5000 DEOPT UNPACKING pc=0x00000000027171bf sp=0x000000005683e830 mode 0
Event: 14.271 loading class com/badlogic/gdx/backends/lwjgl/LwjglInput$TouchEvent
Event: 14.271 loading class com/badlogic/gdx/backends/lwjgl/LwjglInput$TouchEvent done


Dynamic libraries:
0x000000013fcd0000 - 0x000000013fd04000 	C:\Program Files\Java\jre1.8.0_25\bin\javaw.exe
0x0000000076e70000 - 0x0000000077019000 	C:\Windows\SYSTEM32\ntdll.dll
0x0000000076d50000 - 0x0000000076e6f000 	C:\Windows\system32\kernel32.dll
0x000007fefcf50000 - 0x000007fefcfbb000 	C:\Windows\system32\KERNELBASE.dll
0x000007fefdd90000 - 0x000007fefde6b000 	C:\Windows\system32\ADVAPI32.dll
0x000007fefd920000 - 0x000007fefd9bf000 	C:\Windows\system32\msvcrt.dll
0x000007fefdd70000 - 0x000007fefdd8f000 	C:\Windows\SYSTEM32\sechost.dll
0x000007fefd720000 - 0x000007fefd84d000 	C:\Windows\system32\RPCRT4.dll
0x0000000076c50000 - 0x0000000076d4a000 	C:\Windows\system32\USER32.dll
0x000007fefde70000 - 0x000007fefded7000 	C:\Windows\system32\GDI32.dll
0x000007fefd4a0000 - 0x000007fefd4ae000 	C:\Windows\system32\LPK.dll
0x000007fefdc70000 - 0x000007fefdd39000 	C:\Windows\system32\USP10.dll
0x000007fefb870000 - 0x000007fefba64000 	C:\Windows\WinSxS\amd64_microsoft.windows.common-controls_6595b64144ccf1df_6.0.7601.17514_none_fa396087175ac9ac\COMCTL32.dll
0x000007fefd8a0000 - 0x000007fefd911000 	C:\Windows\system32\SHLWAPI.dll
0x000007fefdd40000 - 0x000007fefdd6e000 	C:\Windows\system32\IMM32.DLL
0x000007fefdee0000 - 0x000007fefdfe9000 	C:\Windows\system32\MSCTF.dll
0x0000000068d10000 - 0x0000000068de2000 	C:\Program Files\Java\jre1.8.0_25\bin\msvcr100.dll
0x0000000068df0000 - 0x000000006964a000 	C:\Program Files\Java\jre1.8.0_25\bin\server\jvm.dll
0x000007fef2b30000 - 0x000007fef2b39000 	C:\Windows\system32\WSOCK32.dll
0x000007fefd850000 - 0x000007fefd89d000 	C:\Windows\system32\WS2_32.dll
0x000007fefd230000 - 0x000007fefd238000 	C:\Windows\system32\NSI.dll
0x000007fef9e90000 - 0x000007fef9ecb000 	C:\Windows\system32\WINMM.dll
0x0000000077040000 - 0x0000000077047000 	C:\Windows\system32\PSAPI.DLL
0x0000000073bc0000 - 0x0000000073bcf000 	C:\Program Files\Java\jre1.8.0_25\bin\verify.dll
0x0000000073560000 - 0x0000000073588000 	C:\Program Files\Java\jre1.8.0_25\bin\java.dll
0x00000000737e0000 - 0x00000000737f6000 	C:\Program Files\Java\jre1.8.0_25\bin\zip.dll
0x000007fefe250000 - 0x000007fefefd8000 	C:\Windows\system32\SHELL32.dll
0x000007fefd510000 - 0x000007fefd713000 	C:\Windows\system32\ole32.dll
0x000007fefcdc0000 - 0x000007fefcdcf000 	C:\Windows\system32\profapi.dll
0x0000000065580000 - 0x0000000065616000 	C:\Users\¡Ó„\AppData\Local\Temp\libgdx¡Ó„\b9c469e0\gdx64.dll
0x000007fefc650000 - 0x000007fefc667000 	C:\Windows\system32\CRYPTSP.dll
0x000007fefc350000 - 0x000007fefc397000 	C:\Windows\system32\rsaenh.dll
0x000007fefc110000 - 0x000007fefc12e000 	C:\Windows\system32\USERENV.dll
0x000007fefccf0000 - 0x000007fefccff000 	C:\Windows\system32\CRYPTBASE.dll
0x0000000073760000 - 0x000000007377a000 	C:\Program Files\Java\jre1.8.0_25\bin\net.dll
0x000007fefc5f0000 - 0x000007fefc645000 	C:\Windows\system32\mswsock.dll
0x000007fefc5e0000 - 0x000007fefc5e7000 	C:\Windows\System32\wship6.dll
0x000007fefa7d0000 - 0x000007fefa7f7000 	C:\Windows\system32\IPHLPAPI.DLL
0x000007fefa7c0000 - 0x000007fefa7cb000 	C:\Windows\system32\WINNSI.DLL
0x000007fefa640000 - 0x000007fefa651000 	C:\Windows\system32\dhcpcsvc6.DLL
0x000007fefa5c0000 - 0x000007fefa5d8000 	C:\Windows\system32\dhcpcsvc.DLL
0x0000000073540000 - 0x0000000073551000 	C:\Program Files\Java\jre1.8.0_25\bin\nio.dll
0x0000000180000000 - 0x0000000180053000 	C:\Users\¡Ó„\AppData\Local\Temp\libgdx¡Ó„\dc0f0009\lwjgl64.dll
0x000007fef7cb0000 - 0x000007fef7dcd000 	C:\Windows\system32\OPENGL32.dll
0x000007fef97d0000 - 0x000007fef97fd000 	C:\Windows\system32\GLU32.dll
0x000007fef7f30000 - 0x000007fef8021000 	C:\Windows\system32\DDRAW.dll
0x000007fefaf90000 - 0x000007fefaf98000 	C:\Windows\system32\DCIMAN32.dll
0x000007fefd240000 - 0x000007fefd417000 	C:\Windows\system32\SETUPAPI.dll
0x000007fefd150000 - 0x000007fefd186000 	C:\Windows\system32\CFGMGR32.dll
0x000007fefdb90000 - 0x000007fefdc67000 	C:\Windows\system32\OLEAUT32.dll
0x000007fefd130000 - 0x000007fefd14a000 	C:\Windows\system32\DEVOBJ.dll
0x000007fefb260000 - 0x000007fefb278000 	C:\Windows\system32\dwmapi.dll
0x000007fefbf00000 - 0x000007fefbf0c000 	C:\Windows\system32\VERSION.dll
0x0000000011d80000 - 0x0000000011de4000 	C:\Users\664B~1\AppData\Local\Temp\libgdx¡Ó„\dc0f0009\OpenAL64.dll
0x000007fefb690000 - 0x000007fefb6e6000 	C:\Windows\system32\uxtheme.dll
0x000007fefd190000 - 0x000007fefd229000 	C:\Windows\system32\CLBCatQ.DLL
0x000007fefb6f0000 - 0x000007fefb81c000 	C:\Windows\System32\PROPSYS.dll
0x000007fefce70000 - 0x000007fefceaa000 	C:\Windows\system32\WINTRUST.dll
0x000007fefcfc0000 - 0x000007fefd127000 	C:\Windows\system32\CRYPT32.dll
0x000007fefce60000 - 0x000007fefce6f000 	C:\Windows\system32\MSASN1.dll
0x000007fef7740000 - 0x000007fef77c8000 	C:\Windows\system32\dsound.dll
0x000007fefb140000 - 0x000007fefb16c000 	C:\Windows\system32\POWRPROF.dll
0x000007fefb280000 - 0x000007fefb2cb000 	C:\Windows\System32\MMDevApi.dll
0x000007fef6b80000 - 0x000007fef6bcf000 	C:\Windows\system32\AUDIOSES.DLL
0x000000005a9b0000 - 0x000000005c86f000 	C:\Windows\system32\nvoglv64.DLL
0x000007fefc090000 - 0x000007fefc0a1000 	C:\Windows\system32\WTSAPI32.dll
0x000007fefacd0000 - 0x000007fefacfd000 	C:\Windows\system32\ntmarta.dll
0x000007fefd4b0000 - 0x000007fefd502000 	C:\Windows\system32\WLDAP32.dll
0x000007fefc860000 - 0x000007fefc89d000 	C:\Windows\system32\WINSTA.dll
0x000007fef9800000 - 0x000007fef989c000 	C:\Windows\system32\mscms.dll
0x000007fef9fb0000 - 0x000007fef9ff2000 	C:\Windows\system32\icm32.dll
0x000000006a740000 - 0x000000006a7e7000 	C:\Users\¡Ó„\AppData\Local\Temp\libgdx¡Ó„\31ee11b7\gdx-freetype64.dll
0x000007fef6ed0000 - 0x000007fef6ff5000 	C:\Windows\system32\dbghelp.dll

VM Arguments:
jvm_args: -Dfile.encoding=Cp1251 
java_command: collony.main.Launcher
java_class_path (initial): C:\Users\¡Ó„\git\Collony\Collony-desktop\bin;C:\Users\¡Ó„\git\Collony\Collony-desktop\libs\gdx-backend-lwjgl-natives.jar;C:\Users\¡Ó„\git\Collony\Collony-desktop\libs\gdx-backend-lwjgl.jar;C:\Users\¡Ó„\git\Collony\Collony-desktop\libs\gdx-natives.jar;C:\Users\¡Ó„\git\Collony\Collony-desktop\libs\gdx.jar;C:\Users\¡Ó„\git\Collony\Collony-core\bin;C:\Users\¡Ó„\git\Collony\Collony-core\libs\gdx.jar;C:\Users\¡Ó„\git\Collony\Collony-core\libs\gdx-freetype-natives.jar;C:\Users\¡Ó„\git\Collony\Collony-core\libs\gdx-freetype.jar
Launcher Type: SUN_STANDARD

Environment Variables:
PATH=C:/Program Files/Java/jre1.8.0_25/bin/server;C:/Program Files/Java/jre1.8.0_25/bin;C:/Program Files/Java/jre1.8.0_25/lib/amd64;C:\Program Files (x86)\NVIDIA Corporation\PhysX\Common;C:\ProgramData\Oracle\Java\javapath;C:\Windows\system32;C:\Windows;C:\Windows\System32\Wbem;C:\Windows\System32\WindowsPowerShell\v1.0\;C:\Program Files (x86)\Microsoft SQL Server\100\Tools\Binn\;C:\Program Files\Microsoft SQL Server\100\Tools\Binn\;C:\Program Files\Microsoft SQL Server\100\DTS\Binn\;c:\Program Files\Java\jdk1.8.0_25\bin\;F:\eclipse;
USERNAME=¡Ó„
OS=Windows_NT
PROCESSOR_IDENTIFIER=Intel64 Family 6 Model 23 Stepping 6, GenuineIntel



---------------  S Y S T E M  ---------------

OS: Windows 7 , 64 bit Build 7601 Service Pack 1

CPU:total 2 (2 cores per cpu, 1 threads per core) family 6 model 23 stepping 6, cmov, cx8, fxsr, mmx, sse, sse2, sse3, ssse3, tsc

Memory: 4k page, physical 2095608k(642956k free), swap 4191216k(1863828k free)

vm_info: Java HotSpot(TM) 64-Bit Server VM (25.25-b02) for windows-amd64 JRE (1.8.0_25-b18), built on Oct  7 2014 14:25:37 by "java_re" with MS VC++ 10.0 (VS2010)

time: Tue Jan 13 06:19:39 2015
elapsed time: 14 seconds (0d 0h 0m 14s)

